<?xml version="1.0" encoding="UTF-8"?>
<!-- Generated by org.testng.reporters.JUnitXMLReporter -->
<testsuite hostname="ip-172-31-26-20" ignored="4" name="Test" tests="1" failures="0" timestamp="16 Apr 2023 04:24:53 GMT" time="0.039" errors="0">
  <testcase name="test3" time="0.005" classname="testcases.CarLoanTest"/>
  <testcase name="@BeforeTest method3" time="0.0" classname="testcases.BaseClass">
    <ignored/>
  </testcase> <!-- @BeforeTest method3 -->
  <testcase name="test1" time="0.0" classname="testcases.HomeLoanTest">
    <ignored/>
  </testcase> <!-- test1 -->
  <testcase name="@AfterTest method4" time="0.0" classname="testcases.BaseClass">
    <ignored/>
  </testcase> <!-- @AfterTest method4 -->
  <testcase name="test2" time="0.0" classname="testcases.HomeLoanTest">
    <ignored/>
  </testcase> <!-- test2 -->
</testsuite> <!-- Test -->
