<?xml version="1.0" encoding="UTF-8"?>
<testng-results skipped="0" failed="0" ignored="4" total="5" passed="1">
  <reporter-output>
  </reporter-output>
  <suite name="Suite" duration-ms="39" started-at="2023-04-16T04:24:53Z" finished-at="2023-04-16T04:24:53Z">
    <groups>
      <group name="regression">
        <method signature="CarLoanTest.test3()[pri:0, instance:testcases.CarLoanTest@45820e51]" name="test3" class="testcases.CarLoanTest"/>
      </group> <!-- regression -->
      <group name="sanity">
        <method signature="CarLoanTest.test3()[pri:0, instance:testcases.CarLoanTest@45820e51]" name="test3" class="testcases.CarLoanTest"/>
      </group> <!-- sanity -->
    </groups>
    <test name="Test" duration-ms="39" started-at="2023-04-16T04:24:53Z" finished-at="2023-04-16T04:24:53Z">
      <class name="testcases.CarLoanTest">
        <test-method status="PASS" signature="method1()[pri:0, instance:testcases.CarLoanTest@45820e51]" name="method1" is-config="true" duration-ms="1" started-at="2023-04-16T04:24:53Z" finished-at="2023-04-16T04:24:53Z">
          <reporter-output>
          </reporter-output>
        </test-method> <!-- method1 -->
        <test-method status="PASS" signature="test3()[pri:0, instance:testcases.CarLoanTest@45820e51]" name="test3" duration-ms="5" started-at="2023-04-16T04:24:53Z" finished-at="2023-04-16T04:24:53Z">
          <reporter-output>
          </reporter-output>
        </test-method> <!-- test3 -->
        <test-method status="PASS" signature="method2()[pri:0, instance:testcases.CarLoanTest@45820e51]" name="method2" is-config="true" duration-ms="0" started-at="2023-04-16T04:24:53Z" finished-at="2023-04-16T04:24:53Z">
          <reporter-output>
          </reporter-output>
        </test-method> <!-- method2 -->
      </class> <!-- testcases.CarLoanTest -->
      <class name="testcases.HomeLoanTest">
        <test-method status="PASS" signature="method3()[pri:0, instance:testcases.HomeLoanTest@1500955a]" name="method3" is-config="true" duration-ms="10" started-at="2023-04-16T04:24:53Z" finished-at="2023-04-16T04:24:53Z">
          <reporter-output>
          </reporter-output>
        </test-method> <!-- method3 -->
        <test-method status="PASS" signature="method4()[pri:0, instance:testcases.HomeLoanTest@1500955a]" name="method4" is-config="true" duration-ms="0" started-at="2023-04-16T04:24:53Z" finished-at="2023-04-16T04:24:53Z">
          <reporter-output>
          </reporter-output>
        </test-method> <!-- method4 -->
      </class> <!-- testcases.HomeLoanTest -->
    </test> <!-- Test -->
  </suite> <!-- Suite -->
</testng-results>
